# JRE version: OpenJDK Runtime Environment (26.0.1+8) (build 26.0.1+8-34)
# Java VM: OpenJDK 64-Bit Server VM (26.0.1+8-34, mixed mode, sharing, tiered, compressed oops, compressed class ptrs, g1 gc, windows-amd64)
GC Precious Log:
 CardTable entry size: 512
 Card Set container configuration: InlinePtr #cards 4 size 8 Array Of Cards #cards 32 size 80 Howl #buckets 8 coarsen threshold 7372 Howl Bitmap #cards 1024 size 144 coarsen threshold 921 Card regions per heap region 1 cards per card region 8192
 CPUs: 16 total, 16 available
 Memory: 31893M
 Large Page Support: Disabled
 NUMA Support: Disabled
 Compressed Oops: Enabled (Zero based)
 Heap Region Size: 4M
 Heap Min Capacity: 8M
 Heap Initial Capacity: 8M
 Heap Max Capacity: 7976M
 Pre-touch: Disabled
 Parallel Workers: 13
 Concurrent Workers: 3
 Concurrent Refinement Workers: 13
 Periodic GC: Disabled
Heap:
 garbage-first heap   total reserved 8167424K, committed 184320K, used 62649K [0x000000060d800000, 0x0000000800000000)
  region size 4M, 15 eden (60M), 1 survivor (4M), 2 old (8M), 0 humongous (0M), 27 free (108M)
GC Heap Usage History (20 events):
Event: 0.134 {heap Before GC invocations=1 (full 0):
 garbage-first heap   total reserved 8167424K, committed 12288K, used 2223K [0x000000060d800000, 0x0000000800000000)
  region size 4M, 1 eden (4M), 1 survivor (4M), 1 old (4M), 0 humongous (0M), 0 free (0M)
}
Event: 0.135 {heap After GC invocations=2 (full 0):
 garbage-first heap   total reserved 8167424K, committed 16384K, used 2901K [0x000000060d800000, 0x0000000800000000)
  region size 4M, 0 eden (0M), 1 survivor (4M), 1 old (4M), 0 humongous (0M), 2 free (8M)
}
Event: 0.191 {heap Before GC invocations=3 (full 0):
 garbage-first heap   total reserved 8167424K, committed 16384K, used 6997K [0x000000060d800000, 0x0000000800000000)
  region size 4M, 1 eden (4M), 1 survivor (4M), 1 old (4M), 0 humongous (0M), 1 free (4M)
}
Event: 0.193 {heap After GC invocations=4 (full 0):
 garbage-first heap   total reserved 8167424K, committed 20480K, used 3603K [0x000000060d800000, 0x0000000800000000)
  region size 4M, 0 eden (0M), 1 survivor (4M), 1 old (4M), 0 humongous (0M), 3 free (12M)
}
Event: 0.230 {heap Before GC invocations=4 (full 0):
 garbage-first heap   total reserved 8167424K, committed 20480K, used 7699K [0x000000060d800000, 0x0000000800000000)
  region size 4M, 1 eden (4M), 1 survivor (4M), 1 old (4M), 0 humongous (0M), 2 free (8M)
}
Event: 0.232 {heap After GC invocations=5 (full 0):
 garbage-first heap   total reserved 8167424K, committed 20480K, used 3571K [0x000000060d800000, 0x0000000800000000)
  region size 4M, 0 eden (0M), 1 survivor (4M), 1 old (4M), 0 humongous (0M), 3 free (12M)
}
Event: 0.263 {heap Before GC invocations=5 (full 0):
 garbage-first heap   total reserved 8167424K, committed 20480K, used 7667K [0x000000060d800000, 0x0000000800000000)
  region size 4M, 1 eden (4M), 1 survivor (4M), 1 old (4M), 0 humongous (0M), 2 free (8M)
}
Event: 0.264 {heap After GC invocations=6 (full 0):
 garbage-first heap   total reserved 8167424K, committed 20480K, used 3909K [0x000000060d800000, 0x0000000800000000)
  region size 4M, 0 eden (0M), 1 survivor (4M), 1 old (4M), 0 humongous (0M), 3 free (12M)
}
Event: 0.309 {heap Before GC invocations=6 (full 0):
 garbage-first heap   total reserved 8167424K, committed 20480K, used 12101K [0x000000060d800000, 0x0000000800000000)
  region size 4M, 2 eden (8M), 1 survivor (4M), 1 old (4M), 0 humongous (0M), 1 free (4M)
}
Event: 0.310 {heap After GC invocations=7 (full 0):
 garbage-first heap   total reserved 8167424K, committed 20480K, used 4078K [0x000000060d800000, 0x0000000800000000)
  region size 4M, 0 eden (0M), 1 survivor (4M), 1 old (4M), 0 humongous (0M), 3 free (12M)
}
Event: 0.349 {heap Before GC invocations=7 (full 0):
 garbage-first heap   total reserved 8167424K, committed 20480K, used 12270K [0x000000060d800000, 0x0000000800000000)
  region size 4M, 2 eden (8M), 1 survivor (4M), 1 old (4M), 0 humongous (0M), 1 free (4M)
}
Event: 0.350 {heap After GC invocations=8 (full 0):
 garbage-first heap   total reserved 8167424K, committed 61440K, used 4595K [0x000000060d800000, 0x0000000800000000)
  region size 4M, 0 eden (0M), 1 survivor (4M), 1 old (4M), 0 humongous (0M), 13 free (52M)
}
Event: 0.535 {heap Before GC invocations=8 (full 0):
 garbage-first heap   total reserved 8167424K, committed 61440K, used 33267K [0x000000060d800000, 0x0000000800000000)
  region size 4M, 8 eden (32M), 1 survivor (4M), 1 old (4M), 0 humongous (0M), 5 free (20M)
}
Event: 0.538 {heap After GC invocations=9 (full 0):
 garbage-first heap   total reserved 8167424K, committed 61440K, used 5946K [0x000000060d800000, 0x0000000800000000)
  region size 4M, 0 eden (0M), 1 survivor (4M), 1 old (4M), 0 humongous (0M), 13 free (52M)
}
Event: 0.691 {heap Before GC invocations=9 (full 0):
 garbage-first heap   total reserved 8167424K, committed 61440K, used 38714K [0x000000060d800000, 0x0000000800000000)
  region size 4M, 8 eden (32M), 1 survivor (4M), 1 old (4M), 0 humongous (0M), 5 free (20M)
}
Event: 0.694 {heap After GC invocations=10 (full 0):
 garbage-first heap   total reserved 8167424K, committed 61440K, used 8929K [0x000000060d800000, 0x0000000800000000)
  region size 4M, 0 eden (0M), 2 survivor (8M), 1 old (4M), 0 humongous (0M), 12 free (48M)
}
Event: 0.719 {heap Before GC invocations=10 (full 0):
 garbage-first heap   total reserved 8167424K, committed 61440K, used 33505K [0x000000060d800000, 0x0000000800000000)
  region size 4M, 7 eden (28M), 2 survivor (8M), 1 old (4M), 0 humongous (0M), 5 free (20M)
}
Event: 0.722 {heap After GC invocations=11 (full 0):
 garbage-first heap   total reserved 8167424K, committed 61440K, used 9269K [0x000000060d800000, 0x0000000800000000)
  region size 4M, 0 eden (0M), 1 survivor (4M), 2 old (8M), 0 humongous (0M), 12 free (48M)
}
Event: 0.806 {heap Before GC invocations=11 (full 0):
 garbage-first heap   total reserved 8167424K, committed 61440K, used 37941K [0x000000060d800000, 0x0000000800000000)
  region size 4M, 8 eden (32M), 1 survivor (4M), 2 old (8M), 0 humongous (0M), 4 free (16M)
}
Event: 0.808 {heap After GC invocations=12 (full 0):
 garbage-first heap   total reserved 8167424K, committed 184320K, used 9401K [0x000000060d800000, 0x0000000800000000)
  region size 4M, 0 eden (0M), 1 survivor (4M), 2 old (8M), 0 humongous (0M), 42 free (168M)
}

